To honour the JVM settings for this build a new JVM will be forked. Please consider using the daemon: https://docs.gradle.org/2.10/userguide/gradle_daemon.html.

BUILD FAILED

Total time: 3.363 secs
Starting a Gradle Daemon (subsequent builds will be faster)
Download https://jcenter.bintray.com/com/android/databinding/compiler/2.2.2/compiler-2.2.2.pom
Download https://jcenter.bintray.com/com/android/databinding/compiler/2.2.2/compiler-2.2.2.jar
The TaskInputs.source(Object) method has been deprecated and is scheduled to be removed in Gradle 4.0. Please use TaskInputs.file(Object).skipWhenEmpty() instead.
	at org.gradle.api.internal.tasks.DefaultTaskInputs.source(DefaultTaskInputs.java:144)
	at com.android.build.gradle.tasks.factory.AndroidUnitTest$ConfigAction.configureSources(AndroidUnitTest.java:191)
	at com.android.build.gradle.tasks.factory.AndroidUnitTest$ConfigAction.execute(AndroidUnitTest.java:110)
	at com.android.build.gradle.tasks.factory.AndroidUnitTest$ConfigAction.execute(AndroidUnitTest.java:70)
	at org.gradle.api.internal.tasks.DefaultTaskContainer.create(DefaultTaskContainer.java:129)
	at com.android.build.gradle.internal.TaskContainerAdaptor.create(TaskContainerAdaptor.java:59)
	at com.android.build.gradle.internal.scope.AndroidTaskRegistry.create(AndroidTaskRegistry.java:47)
	at com.android.build.gradle.internal.scope.AndroidTaskRegistry.create(AndroidTaskRegistry.java:89)
	at com.android.build.gradle.internal.TaskManager.createRunUnitTestTask(TaskManager.java:1586)
	at com.android.build.gradle.internal.TaskManager.createUnitTestVariantTasks(TaskManager.java:1376)
	at com.android.build.gradle.internal.VariantManager.createTasksForVariantData(VariantManager.java:479)
	at com.android.build.gradle.internal.VariantManager$3.call(VariantManager.java:293)
	at com.android.build.gradle.internal.VariantManager$3.call(VariantManager.java:290)
	at com.android.builder.profile.ThreadRecorder.record(ThreadRecorder.java:156)
	at com.android.builder.profile.ThreadRecorder.record(ThreadRecorder.java:120)
	at com.android.build.gradle.internal.profile.SpanRecorders.record(SpanRecorders.java:44)
	at com.android.build.gradle.internal.VariantManager.createAndroidTasks(VariantManager.java:286)
	at com.android.build.gradle.BasePlugin$11.call(BasePlugin.java:688)
	at com.android.build.gradle.BasePlugin$11.call(BasePlugin.java:685)
	at com.android.builder.profile.ThreadRecorder.record(ThreadRecorder.java:156)
	at com.android.builder.profile.ThreadRecorder.record(ThreadRecorder.java:120)
	at com.android.build.gradle.BasePlugin.createAndroidTasks(BasePlugin.java:683)
	at com.android.build.gradle.BasePlugin$10.call(BasePlugin.java:608)
	at com.android.build.gradle.BasePlugin$10.call(BasePlugin.java:605)
	at com.android.builder.profile.ThreadRecorder.record(ThreadRecorder.java:156)
	at com.android.builder.profile.ThreadRecorder.record(ThreadRecorder.java:120)
	at com.android.build.gradle.BasePlugin.lambda$createTasks$1(BasePlugin.java:603)
	at org.gradle.internal.event.BroadcastDispatch$ActionInvocationHandler.dispatch(BroadcastDispatch.java:93)
	at org.gradle.internal.event.BroadcastDispatch$ActionInvocationHandler.dispatch(BroadcastDispatch.java:82)
	at org.gradle.internal.event.AbstractBroadcastDispatch.dispatch(AbstractBroadcastDispatch.java:44)
	at org.gradle.internal.event.BroadcastDispatch.dispatch(BroadcastDispatch.java:79)
	at org.gradle.internal.event.BroadcastDispatch.dispatch(BroadcastDispatch.java:30)
	at org.gradle.internal.dispatch.ProxyDispatchAdapter$DispatchingInvocationHandler.invoke(ProxyDispatchAdapter.java:93)
	at com.sun.proxy.$Proxy14.afterEvaluate(Unknown Source)
	at org.gradle.configuration.project.LifecycleProjectEvaluator.notifyAfterEvaluate(LifecycleProjectEvaluator.java:67)
	at org.gradle.configuration.project.LifecycleProjectEvaluator.evaluate(LifecycleProjectEvaluator.java:61)
	at org.gradle.api.internal.project.DefaultProject.evaluate(DefaultProject.java:573)
	at org.gradle.api.internal.project.DefaultProject.evaluate(DefaultProject.java:125)
	at org.gradle.execution.TaskPathProjectEvaluator.configureHierarchy(TaskPathProjectEvaluator.java:47)
	at org.gradle.configuration.DefaultBuildConfigurer.configure(DefaultBuildConfigurer.java:38)
	at org.gradle.initialization.DefaultGradleLauncher$2.run(DefaultGradleLauncher.java:162)
	at org.gradle.internal.Factories$1.create(Factories.java:25)
	at org.gradle.internal.progress.DefaultBuildOperationExecutor.run(DefaultBuildOperationExecutor.java:91)
	at org.gradle.internal.progress.DefaultBuildOperationExecutor.run(DefaultBuildOperationExecutor.java:53)
	at org.gradle.initialization.DefaultGradleLauncher.doBuildStages(DefaultGradleLauncher.java:159)
	at org.gradle.initialization.DefaultGradleLauncher.access$200(DefaultGradleLauncher.java:36)
	at org.gradle.initialization.DefaultGradleLauncher$1.create(DefaultGradleLauncher.java:118)
	at org.gradle.initialization.DefaultGradleLauncher$1.create(DefaultGradleLauncher.java:112)
	at org.gradle.internal.progress.DefaultBuildOperationExecutor.run(DefaultBuildOperationExecutor.java:91)
	at org.gradle.internal.progress.DefaultBuildOperationExecutor.run(DefaultBuildOperationExecutor.java:63)
	at org.gradle.initialization.DefaultGradleLauncher.doBuild(DefaultGradleLauncher.java:112)
	at org.gradle.initialization.DefaultGradleLauncher.run(DefaultGradleLauncher.java:98)
	at org.gradle.launcher.exec.GradleBuildController.run(GradleBuildController.java:66)
	at org.gradle.tooling.internal.provider.ExecuteBuildActionRunner.run(ExecuteBuildActionRunner.java:28)
	at org.gradle.launcher.exec.ChainingBuildActionRunner.run(ChainingBuildActionRunner.java:35)
	at org.gradle.launcher.exec.InProcessBuildActionExecuter.execute(InProcessBuildActionExecuter.java:41)
	at org.gradle.launcher.exec.InProcessBuildActionExecuter.execute(InProcessBuildActionExecuter.java:26)
	at org.gradle.tooling.internal.provider.ContinuousBuildActionExecuter.execute(ContinuousBuildActionExecuter.java:75)
	at org.gradle.tooling.internal.provider.ContinuousBuildActionExecuter.execute(ContinuousBuildActionExecuter.java:49)
	at org.gradle.tooling.internal.provider.ServicesSetupBuildActionExecuter.execute(ServicesSetupBuildActionExecuter.java:44)
	at org.gradle.tooling.internal.provider.ServicesSetupBuildActionExecuter.execute(ServicesSetupBuildActionExecuter.java:29)
	at org.gradle.launcher.daemon.server.exec.ExecuteBuild.doBuild(ExecuteBuild.java:67)
	at org.gradle.launcher.daemon.server.exec.BuildCommandOnly.execute(BuildCommandOnly.java:36)
	at org.gradle.launcher.daemon.server.api.DaemonCommandExecution.proceed(DaemonCommandExecution.java:120)
	at org.gradle.launcher.daemon.server.exec.WatchForDisconnection.execute(WatchForDisconnection.java:47)
	at org.gradle.launcher.daemon.server.api.DaemonCommandExecution.proceed(DaemonCommandExecution.java:120)
	at org.gradle.launcher.daemon.server.exec.ResetDeprecationLogger.execute(ResetDeprecationLogger.java:26)
	at org.gradle.launcher.daemon.server.api.DaemonCommandExecution.proceed(DaemonCommandExecution.java:120)
	at org.gradle.launcher.daemon.server.exec.RequestStopIfSingleUsedDaemon.execute(RequestStopIfSingleUsedDaemon.java:34)
	at org.gradle.launcher.daemon.server.api.DaemonCommandExecution.proceed(DaemonCommandExecution.java:120)
	at org.gradle.launcher.daemon.server.exec.ForwardClientInput$2.call(ForwardClientInput.java:74)
	at org.gradle.launcher.daemon.server.exec.ForwardClientInput$2.call(ForwardClientInput.java:72)
	at org.gradle.util.Swapper.swap(Swapper.java:38)
	at org.gradle.launcher.daemon.server.exec.ForwardClientInput.execute(ForwardClientInput.java:72)
	at org.gradle.launcher.daemon.server.api.DaemonCommandExecution.proceed(DaemonCommandExecution.java:120)
	at org.gradle.launcher.daemon.server.exec.LogAndCheckHealth.execute(LogAndCheckHealth.java:55)
	at org.gradle.launcher.daemon.server.api.DaemonCommandExecution.proceed(DaemonCommandExecution.java:120)
	at org.gradle.launcher.daemon.server.exec.LogToClient.doBuild(LogToClient.java:60)
	at org.gradle.launcher.daemon.server.exec.BuildCommandOnly.execute(BuildCommandOnly.java:36)
	at org.gradle.launcher.daemon.server.api.DaemonCommandExecution.proceed(DaemonCommandExecution.java:120)
	at org.gradle.launcher.daemon.server.exec.EstablishBuildEnvironment.doBuild(EstablishBuildEnvironment.java:72)
	at org.gradle.launcher.daemon.server.exec.BuildCommandOnly.execute(BuildCommandOnly.java:36)
	at org.gradle.launcher.daemon.server.api.DaemonCommandExecution.proceed(DaemonCommandExecution.java:120)
	at org.gradle.launcher.daemon.server.exec.StartBuildOrRespondWithBusy$1.run(StartBuildOrRespondWithBusy.java:50)
	at org.gradle.launcher.daemon.server.DaemonStateCoordinator$1.run(DaemonStateCoordinator.java:293)
	at org.gradle.internal.concurrent.ExecutorPolicy$CatchAndRecordFailures.onExecute(ExecutorPolicy.java:54)
	at org.gradle.internal.concurrent.StoppableExecutorImpl$1.run(StoppableExecutorImpl.java:40)
	at java.util.concurrent.ThreadPoolExecutor.runWorker(ThreadPoolExecutor.java:1142)
	at java.util.concurrent.ThreadPoolExecutor$Worker.run(ThreadPoolExecutor.java:617)
	at java.lang.Thread.run(Thread.java:745)
:app:preBuild UP-TO-DATE
:app:preDebugBuild UP-TO-DATE
:app:checkDebugManifest
:app:preReleaseBuild UP-TO-DATE
:app:prepareComAndroidDatabindingAdapters121Library
:app:prepareComAndroidDatabindingLibrary121Library
:app:prepareComAndroidSupportAnimatedVectorDrawable2421Library
:app:prepareComAndroidSupportAppcompatV72421Library
:app:prepareComAndroidSupportDesign2421Library
:app:prepareComAndroidSupportRecyclerviewV72421Library
:app:prepareComAndroidSupportSupportCompat2421Library
:app:prepareComAndroidSupportSupportCoreUi2421Library
:app:prepareComAndroidSupportSupportCoreUtils2421Library
:app:prepareComAndroidSupportSupportFragment2421Library
:app:prepareComAndroidSupportSupportMediaCompat2421Library
:app:prepareComAndroidSupportSupportV42421Library
:app:prepareComAndroidSupportSupportVectorDrawable2421Library
:app:prepareDebugDependencies
:app:compileDebugRenderscript
:app:generateDebugResValues
:app:generateDebugResources
:app:mergeDebugResources
:app:dataBindingProcessLayoutsDebug
:app:processDebugManifest
:app:processDebugResources FAILED

BUILD FAILED

Total time: 2 mins 17.579 secs
